13:23:03.488 [main] DEBUG io.netty.util.internal.logging.InternalLoggerFactory - Using Log4J2 as the default logging framework
13:23:03.506 [main] DEBUG io.netty.util.ResourceLeakDetector - -Dio.netty.leakDetection.level: simple
13:23:03.506 [main] DEBUG io.netty.util.ResourceLeakDetector - -Dio.netty.leakDetection.targetRecords: 4
13:23:03.514 [main] DEBUG io.netty.util.ResourceLeakDetectorFactory - Loaded default ResourceLeakDetector: io.netty.util.ResourceLeakDetector@d2387c8
13:23:03.558 [main] DEBUG io.netty.util.internal.PlatformDependent0 - -Dio.netty.noUnsafe: false
13:23:03.558 [main] DEBUG io.netty.util.internal.PlatformDependent0 - Java version: 19
13:23:03.560 [main] DEBUG io.netty.util.internal.PlatformDependent0 - sun.misc.Unsafe.theUnsafe: available
13:23:03.561 [main] DEBUG io.netty.util.internal.PlatformDependent0 - sun.misc.Unsafe.copyMemory: available
13:23:03.562 [main] DEBUG io.netty.util.internal.PlatformDependent0 - sun.misc.Unsafe.storeFence: available
13:23:03.568 [main] DEBUG io.netty.util.internal.PlatformDependent0 - java.nio.Buffer.address: available
13:23:03.571 [main] DEBUG io.netty.util.internal.PlatformDependent0 - direct buffer constructor: unavailable: Reflective setAccessible(true) disabled
13:23:03.572 [main] DEBUG io.netty.util.internal.PlatformDependent0 - java.nio.Bits.unaligned: available, true
13:23:03.574 [main] DEBUG io.netty.util.internal.PlatformDependent0 - jdk.internal.misc.Unsafe.allocateUninitializedArray(int): unavailable: class io.netty.util.internal.PlatformDependent0$7 cannot access class jdk.internal.misc.Unsafe (in module java.base) because module java.base does not export jdk.internal.misc to unnamed module @7e32c033
13:23:03.577 [main] DEBUG io.netty.util.internal.PlatformDependent0 - java.nio.DirectByteBuffer.<init>(long, int): unavailable
13:23:03.578 [main] DEBUG io.netty.util.internal.PlatformDependent - sun.misc.Unsafe: available
13:23:03.579 [main] DEBUG io.netty.util.internal.PlatformDependent - maxDirectMemory: 2086666240 bytes (maybe)
13:23:03.579 [main] DEBUG io.netty.util.internal.PlatformDependent - -Dio.netty.tmpdir: C:\Users\Sowmya K\AppData\Local\Temp (java.io.tmpdir)
13:23:03.579 [main] DEBUG io.netty.util.internal.PlatformDependent - -Dio.netty.bitMode: 64 (sun.arch.data.model)
13:23:03.580 [main] DEBUG io.netty.util.internal.PlatformDependent - Platform: Windows
13:23:03.582 [main] DEBUG io.netty.util.internal.PlatformDependent - -Dio.netty.maxDirectMemory: -1 bytes
13:23:03.582 [main] DEBUG io.netty.util.internal.PlatformDependent - -Dio.netty.uninitializedArrayAllocationThreshold: -1
13:23:03.590 [main] DEBUG io.netty.util.internal.CleanerJava9 - java.nio.ByteBuffer.cleaner(): available
13:23:03.591 [main] DEBUG io.netty.util.internal.PlatformDependent - -Dio.netty.noPreferDirect: false
13:23:03.616 [main] DEBUG io.netty.util.internal.PlatformDependent - org.jctools-core.MpscChunkedArrayQueue: available
13:23:03.663 [main] DEBUG io.netty.util.internal.InternalThreadLocalMap - -Dio.netty.threadLocalMap.stringBuilder.initialSize: 1024
13:23:03.663 [main] DEBUG io.netty.util.internal.InternalThreadLocalMap - -Dio.netty.threadLocalMap.stringBuilder.maxSize: 4096
13:23:04.106 [main] DEBUG io.netty.handler.ssl.JdkSslContext - Default protocols (JDK): [TLSv1.3, TLSv1.2] 
13:23:04.106 [main] DEBUG io.netty.handler.ssl.JdkSslContext - Default cipher suites (JDK): [TLS_ECDHE_ECDSA_WITH_AES_256_GCM_SHA384, TLS_ECDHE_ECDSA_WITH_AES_128_GCM_SHA256, TLS_ECDHE_RSA_WITH_AES_128_GCM_SHA256, TLS_ECDHE_RSA_WITH_AES_256_GCM_SHA384, TLS_ECDHE_RSA_WITH_AES_128_CBC_SHA, TLS_ECDHE_RSA_WITH_AES_256_CBC_SHA, TLS_RSA_WITH_AES_128_GCM_SHA256, TLS_RSA_WITH_AES_128_CBC_SHA, TLS_RSA_WITH_AES_256_CBC_SHA, TLS_AES_128_GCM_SHA256, TLS_AES_256_GCM_SHA384]
13:23:04.149 [main] DEBUG io.netty.channel.MultithreadEventLoopGroup - -Dio.netty.eventLoopThreads: 16
13:23:04.168 [main] DEBUG io.netty.channel.nio.NioEventLoop - -Dio.netty.noKeySetOptimization: false
13:23:04.168 [main] DEBUG io.netty.channel.nio.NioEventLoop - -Dio.netty.selectorAutoRebuildThreshold: 512
13:23:04.271 [main] DEBUG io.netty.buffer.PooledByteBufAllocator - -Dio.netty.allocator.numHeapArenas: 16
13:23:04.271 [main] DEBUG io.netty.buffer.PooledByteBufAllocator - -Dio.netty.allocator.numDirectArenas: 16
13:23:04.271 [main] DEBUG io.netty.buffer.PooledByteBufAllocator - -Dio.netty.allocator.pageSize: 8192
13:23:04.271 [main] DEBUG io.netty.buffer.PooledByteBufAllocator - -Dio.netty.allocator.maxOrder: 9
13:23:04.272 [main] DEBUG io.netty.buffer.PooledByteBufAllocator - -Dio.netty.allocator.chunkSize: 4194304
13:23:04.272 [main] DEBUG io.netty.buffer.PooledByteBufAllocator - -Dio.netty.allocator.smallCacheSize: 256
13:23:04.272 [main] DEBUG io.netty.buffer.PooledByteBufAllocator - -Dio.netty.allocator.normalCacheSize: 64
13:23:04.272 [main] DEBUG io.netty.buffer.PooledByteBufAllocator - -Dio.netty.allocator.maxCachedBufferCapacity: 32768
13:23:04.272 [main] DEBUG io.netty.buffer.PooledByteBufAllocator - -Dio.netty.allocator.cacheTrimInterval: 8192
13:23:04.272 [main] DEBUG io.netty.buffer.PooledByteBufAllocator - -Dio.netty.allocator.cacheTrimIntervalMillis: 0
13:23:04.272 [main] DEBUG io.netty.buffer.PooledByteBufAllocator - -Dio.netty.allocator.useCacheForAllThreads: false
13:23:04.272 [main] DEBUG io.netty.buffer.PooledByteBufAllocator - -Dio.netty.allocator.maxCachedByteBuffersPerChunk: 1023
13:23:04.293 [main] DEBUG io.netty.buffer.ByteBufUtil - -Dio.netty.allocator.type: pooled
13:23:04.294 [main] DEBUG io.netty.buffer.ByteBufUtil - -Dio.netty.threadLocalDirectBufferSize: 0
13:23:04.294 [main] DEBUG io.netty.buffer.ByteBufUtil - -Dio.netty.maxThreadLocalCharBufferSize: 16384
13:23:04.927 [Forwarding newSession on session null to remote] DEBUG io.netty.channel.DefaultChannelId - -Dio.netty.processId: 8972 (auto-detected)
13:23:04.930 [Forwarding newSession on session null to remote] DEBUG io.netty.util.NetUtil - -Djava.net.preferIPv4Stack: false
13:23:04.930 [Forwarding newSession on session null to remote] DEBUG io.netty.util.NetUtil - -Djava.net.preferIPv6Addresses: false
13:23:04.940 [Forwarding newSession on session null to remote] DEBUG io.netty.util.NetUtilInitializations - Loopback interface: lo (Software Loopback Interface 1, 127.0.0.1)
13:23:04.941 [Forwarding newSession on session null to remote] DEBUG io.netty.util.NetUtil - Failed to get SOMAXCONN from sysctl and file \proc\sys\net\core\somaxconn. Default: 200
13:23:04.963 [Forwarding newSession on session null to remote] DEBUG io.netty.channel.DefaultChannelId - -Dio.netty.machineId: 5c:ba:ef:ff:fe:33:f2:93 (auto-detected)
13:23:05.056 [AsyncHttpClient-1-2] DEBUG io.netty.buffer.AbstractByteBuf - -Dio.netty.buffer.checkAccessible: true
13:23:05.057 [AsyncHttpClient-1-2] DEBUG io.netty.buffer.AbstractByteBuf - -Dio.netty.buffer.checkBounds: true
13:23:05.057 [AsyncHttpClient-1-2] DEBUG io.netty.util.ResourceLeakDetectorFactory - Loaded default ResourceLeakDetector: io.netty.util.ResourceLeakDetector@3d153210
13:23:05.087 [AsyncHttpClient-1-2] DEBUG io.netty.util.Recycler - -Dio.netty.recycler.maxCapacityPerThread: 4096
13:23:05.087 [AsyncHttpClient-1-2] DEBUG io.netty.util.Recycler - -Dio.netty.recycler.ratio: 8
13:23:05.087 [AsyncHttpClient-1-2] DEBUG io.netty.util.Recycler - -Dio.netty.recycler.chunkSize: 32
13:23:05.088 [AsyncHttpClient-1-2] DEBUG io.netty.util.Recycler - -Dio.netty.recycler.blocking: false
13:23:06.462 [AsyncHttpClient-1-2] DEBUG io.netty.handler.codec.compression.Brotli - brotli4j not in the classpath; Brotli support will be unavailable.
13:23:06.705 [main] DEBUG io.netty.util.internal.ThreadLocalRandom - -Dio.netty.initialSeedUniquifier: 0x18a7668c9674e31d
13:23:08.080 [main] DEBUG org.apache.poi.openxml4j.opc.PackageRelationshipCollection - Parsing relationship: /xl/_rels/workbook.xml.rels
13:23:08.086 [main] DEBUG org.apache.poi.openxml4j.opc.PackageRelationshipCollection - Parsing relationship: /xl/worksheets/_rels/sheet1.xml.rels
13:23:08.089 [main] DEBUG org.apache.poi.openxml4j.opc.PackageRelationshipCollection - Parsing relationship: /_rels/.rels
13:23:08.917 [main] DEBUG org.apache.poi.ooxml.POIXMLFactory - using default POIXMLDocumentPart for http://schemas.openxmlformats.org/officeDocument/2006/relationships/printerSettings
13:23:09.106 [main] DEBUG org.apache.poi.openxml4j.opc.PackageRelationshipCollection - Parsing relationship: /xl/_rels/workbook.xml.rels
13:23:09.108 [main] DEBUG org.apache.poi.openxml4j.opc.PackageRelationshipCollection - Parsing relationship: /xl/worksheets/_rels/sheet1.xml.rels
13:23:09.110 [main] DEBUG org.apache.poi.openxml4j.opc.PackageRelationshipCollection - Parsing relationship: /_rels/.rels
13:23:09.136 [main] DEBUG org.apache.poi.ooxml.POIXMLFactory - using default POIXMLDocumentPart for http://schemas.openxmlformats.org/officeDocument/2006/relationships/printerSettings
13:23:09.169 [main] DEBUG org.apache.poi.openxml4j.opc.PackageRelationshipCollection - Parsing relationship: /xl/_rels/workbook.xml.rels
13:23:09.171 [main] DEBUG org.apache.poi.openxml4j.opc.PackageRelationshipCollection - Parsing relationship: /xl/worksheets/_rels/sheet1.xml.rels
13:23:09.173 [main] DEBUG org.apache.poi.openxml4j.opc.PackageRelationshipCollection - Parsing relationship: /_rels/.rels
13:23:09.196 [main] DEBUG org.apache.poi.ooxml.POIXMLFactory - using default POIXMLDocumentPart for http://schemas.openxmlformats.org/officeDocument/2006/relationships/printerSettings
13:23:09.254 [main] DEBUG org.apache.poi.openxml4j.opc.PackageRelationshipCollection - Parsing relationship: /xl/_rels/workbook.xml.rels
13:23:09.256 [main] DEBUG org.apache.poi.openxml4j.opc.PackageRelationshipCollection - Parsing relationship: /xl/worksheets/_rels/sheet1.xml.rels
13:23:09.258 [main] DEBUG org.apache.poi.openxml4j.opc.PackageRelationshipCollection - Parsing relationship: /_rels/.rels
13:23:09.277 [main] DEBUG org.apache.poi.ooxml.POIXMLFactory - using default POIXMLDocumentPart for http://schemas.openxmlformats.org/officeDocument/2006/relationships/printerSettings
13:23:09.304 [main] DEBUG org.apache.poi.openxml4j.opc.PackageRelationshipCollection - Parsing relationship: /xl/_rels/workbook.xml.rels
13:23:09.306 [main] DEBUG org.apache.poi.openxml4j.opc.PackageRelationshipCollection - Parsing relationship: /xl/worksheets/_rels/sheet1.xml.rels
13:23:09.308 [main] DEBUG org.apache.poi.openxml4j.opc.PackageRelationshipCollection - Parsing relationship: /_rels/.rels
13:23:09.328 [main] DEBUG org.apache.poi.ooxml.POIXMLFactory - using default POIXMLDocumentPart for http://schemas.openxmlformats.org/officeDocument/2006/relationships/printerSettings
13:23:09.356 [main] DEBUG org.apache.poi.openxml4j.opc.PackageRelationshipCollection - Parsing relationship: /xl/_rels/workbook.xml.rels
13:23:09.357 [main] DEBUG org.apache.poi.openxml4j.opc.PackageRelationshipCollection - Parsing relationship: /xl/worksheets/_rels/sheet1.xml.rels
13:23:09.360 [main] DEBUG org.apache.poi.openxml4j.opc.PackageRelationshipCollection - Parsing relationship: /_rels/.rels
13:23:09.378 [main] DEBUG org.apache.poi.ooxml.POIXMLFactory - using default POIXMLDocumentPart for http://schemas.openxmlformats.org/officeDocument/2006/relationships/printerSettings
13:23:09.402 [main] DEBUG org.apache.poi.openxml4j.opc.PackageRelationshipCollection - Parsing relationship: /xl/_rels/workbook.xml.rels
13:23:09.404 [main] DEBUG org.apache.poi.openxml4j.opc.PackageRelationshipCollection - Parsing relationship: /xl/worksheets/_rels/sheet1.xml.rels
13:23:09.405 [main] DEBUG org.apache.poi.openxml4j.opc.PackageRelationshipCollection - Parsing relationship: /_rels/.rels
13:23:09.422 [main] DEBUG org.apache.poi.ooxml.POIXMLFactory - using default POIXMLDocumentPart for http://schemas.openxmlformats.org/officeDocument/2006/relationships/printerSettings
13:23:09.448 [main] DEBUG org.apache.poi.openxml4j.opc.PackageRelationshipCollection - Parsing relationship: /xl/_rels/workbook.xml.rels
13:23:09.450 [main] DEBUG org.apache.poi.openxml4j.opc.PackageRelationshipCollection - Parsing relationship: /xl/worksheets/_rels/sheet1.xml.rels
13:23:09.451 [main] DEBUG org.apache.poi.openxml4j.opc.PackageRelationshipCollection - Parsing relationship: /_rels/.rels
13:23:09.466 [main] DEBUG org.apache.poi.ooxml.POIXMLFactory - using default POIXMLDocumentPart for http://schemas.openxmlformats.org/officeDocument/2006/relationships/printerSettings
13:23:09.499 [main] DEBUG org.apache.poi.openxml4j.opc.PackageRelationshipCollection - Parsing relationship: /xl/_rels/workbook.xml.rels
13:23:09.501 [main] DEBUG org.apache.poi.openxml4j.opc.PackageRelationshipCollection - Parsing relationship: /xl/worksheets/_rels/sheet1.xml.rels
13:23:09.503 [main] DEBUG org.apache.poi.openxml4j.opc.PackageRelationshipCollection - Parsing relationship: /_rels/.rels
13:23:09.520 [main] DEBUG org.apache.poi.ooxml.POIXMLFactory - using default POIXMLDocumentPart for http://schemas.openxmlformats.org/officeDocument/2006/relationships/printerSettings
13:23:09.545 [main] DEBUG org.apache.poi.openxml4j.opc.PackageRelationshipCollection - Parsing relationship: /xl/_rels/workbook.xml.rels
13:23:09.547 [main] DEBUG org.apache.poi.openxml4j.opc.PackageRelationshipCollection - Parsing relationship: /xl/worksheets/_rels/sheet1.xml.rels
13:23:09.548 [main] DEBUG org.apache.poi.openxml4j.opc.PackageRelationshipCollection - Parsing relationship: /_rels/.rels
13:23:09.563 [main] DEBUG org.apache.poi.ooxml.POIXMLFactory - using default POIXMLDocumentPart for http://schemas.openxmlformats.org/officeDocument/2006/relationships/printerSettings
13:23:09.586 [main] DEBUG org.apache.poi.openxml4j.opc.PackageRelationshipCollection - Parsing relationship: /xl/_rels/workbook.xml.rels
13:23:09.588 [main] DEBUG org.apache.poi.openxml4j.opc.PackageRelationshipCollection - Parsing relationship: /xl/worksheets/_rels/sheet1.xml.rels
13:23:09.589 [main] DEBUG org.apache.poi.openxml4j.opc.PackageRelationshipCollection - Parsing relationship: /_rels/.rels
13:23:09.604 [main] DEBUG org.apache.poi.ooxml.POIXMLFactory - using default POIXMLDocumentPart for http://schemas.openxmlformats.org/officeDocument/2006/relationships/printerSettings
13:23:09.623 [main] DEBUG org.apache.poi.openxml4j.opc.PackageRelationshipCollection - Parsing relationship: /xl/_rels/workbook.xml.rels
13:23:09.624 [main] DEBUG org.apache.poi.openxml4j.opc.PackageRelationshipCollection - Parsing relationship: /xl/worksheets/_rels/sheet1.xml.rels
13:23:09.626 [main] DEBUG org.apache.poi.openxml4j.opc.PackageRelationshipCollection - Parsing relationship: /_rels/.rels
13:23:09.643 [main] DEBUG org.apache.poi.ooxml.POIXMLFactory - using default POIXMLDocumentPart for http://schemas.openxmlformats.org/officeDocument/2006/relationships/printerSettings
13:23:09.665 [main] DEBUG org.apache.poi.openxml4j.opc.PackageRelationshipCollection - Parsing relationship: /xl/_rels/workbook.xml.rels
13:23:09.666 [main] DEBUG org.apache.poi.openxml4j.opc.PackageRelationshipCollection - Parsing relationship: /xl/worksheets/_rels/sheet1.xml.rels
13:23:09.668 [main] DEBUG org.apache.poi.openxml4j.opc.PackageRelationshipCollection - Parsing relationship: /_rels/.rels
13:23:09.684 [main] DEBUG org.apache.poi.ooxml.POIXMLFactory - using default POIXMLDocumentPart for http://schemas.openxmlformats.org/officeDocument/2006/relationships/printerSettings
13:23:09.709 [main] DEBUG org.apache.poi.openxml4j.opc.PackageRelationshipCollection - Parsing relationship: /xl/_rels/workbook.xml.rels
13:23:09.711 [main] DEBUG org.apache.poi.openxml4j.opc.PackageRelationshipCollection - Parsing relationship: /xl/worksheets/_rels/sheet1.xml.rels
13:23:09.712 [main] DEBUG org.apache.poi.openxml4j.opc.PackageRelationshipCollection - Parsing relationship: /_rels/.rels
13:23:09.731 [main] DEBUG org.apache.poi.ooxml.POIXMLFactory - using default POIXMLDocumentPart for http://schemas.openxmlformats.org/officeDocument/2006/relationships/printerSettings
13:23:09.764 [main] DEBUG org.apache.poi.openxml4j.opc.PackageRelationshipCollection - Parsing relationship: /xl/_rels/workbook.xml.rels
13:23:09.765 [main] DEBUG org.apache.poi.openxml4j.opc.PackageRelationshipCollection - Parsing relationship: /xl/worksheets/_rels/sheet1.xml.rels
13:23:09.766 [main] DEBUG org.apache.poi.openxml4j.opc.PackageRelationshipCollection - Parsing relationship: /_rels/.rels
13:23:09.787 [main] DEBUG org.apache.poi.ooxml.POIXMLFactory - using default POIXMLDocumentPart for http://schemas.openxmlformats.org/officeDocument/2006/relationships/printerSettings
13:23:09.816 [main] DEBUG org.apache.poi.openxml4j.opc.PackageRelationshipCollection - Parsing relationship: /xl/_rels/workbook.xml.rels
13:23:09.817 [main] DEBUG org.apache.poi.openxml4j.opc.PackageRelationshipCollection - Parsing relationship: /xl/worksheets/_rels/sheet1.xml.rels
13:23:09.818 [main] DEBUG org.apache.poi.openxml4j.opc.PackageRelationshipCollection - Parsing relationship: /_rels/.rels
13:23:09.839 [main] DEBUG org.apache.poi.ooxml.POIXMLFactory - using default POIXMLDocumentPart for http://schemas.openxmlformats.org/officeDocument/2006/relationships/printerSettings
13:23:09.866 [main] DEBUG org.apache.poi.openxml4j.opc.PackageRelationshipCollection - Parsing relationship: /xl/_rels/workbook.xml.rels
13:23:09.867 [main] DEBUG org.apache.poi.openxml4j.opc.PackageRelationshipCollection - Parsing relationship: /xl/worksheets/_rels/sheet1.xml.rels
13:23:09.869 [main] DEBUG org.apache.poi.openxml4j.opc.PackageRelationshipCollection - Parsing relationship: /_rels/.rels
13:23:09.883 [main] DEBUG org.apache.poi.ooxml.POIXMLFactory - using default POIXMLDocumentPart for http://schemas.openxmlformats.org/officeDocument/2006/relationships/printerSettings
13:23:10.011 [main] INFO  testCases.TC_003_LoginDDT - **** Started TC_003_LoginDDT ****
13:23:10.426 [main] INFO  testCases.TC_003_LoginDDT - Clicked on My Account
13:23:11.384 [main] INFO  testCases.TC_003_LoginDDT - Clicked on Login
13:23:11.384 [main] INFO  testCases.TC_003_LoginDDT - Providing Login Details
13:23:12.097 [main] INFO  testCases.TC_003_LoginDDT - Clicked on Login Button
13:23:12.953 [main] INFO  testCases.TC_003_LoginDDT - My Account Page Exists
13:23:12.953 [main] INFO  testCases.TC_003_LoginDDT - About to click LogOut
13:23:14.579 [main] INFO  testCases.TC_003_LoginDDT - **** Started TC_003_LoginDDT ****
13:23:16.042 [main] INFO  testCases.TC_003_LoginDDT - **** Started TC_003_LoginDDT ****
13:23:16.136 [main] INFO  testCases.TC_003_LoginDDT - Clicked on My Account
13:23:35.614 [main] INFO  testCases.TC_003_LoginDDT - **** Started TC_003_LoginDDT ****
13:23:35.650 [main] INFO  testCases.TC_003_LoginDDT - **** Started TC_003_LoginDDT ****
13:25:42.241 [main] INFO  testCases.TC_003_LoginDDT - **** Started TC_003_LoginDDT ****
13:25:42.399 [main] INFO  testCases.TC_003_LoginDDT - Clicked on My Account
13:25:43.070 [main] INFO  testCases.TC_003_LoginDDT - Clicked on Login
13:25:43.075 [main] INFO  testCases.TC_003_LoginDDT - Providing Login Details
13:25:43.479 [main] INFO  testCases.TC_003_LoginDDT - Clicked on Login Button
13:25:44.171 [main] INFO  testCases.TC_003_LoginDDT - My Account Page Exists
13:25:44.171 [main] INFO  testCases.TC_003_LoginDDT - About to click LogOut
13:25:52.659 [main] INFO  testCases.TC_003_LoginDDT - **** Started TC_003_LoginDDT ****
13:25:54.043 [main] INFO  testCases.TC_003_LoginDDT - **** Started TC_003_LoginDDT ****
13:25:54.155 [main] INFO  testCases.TC_003_LoginDDT - Clicked on My Account
13:25:58.870 [main] INFO  testCases.TC_003_LoginDDT - **** Started TC_003_LoginDDT ****
13:25:58.939 [main] INFO  testCases.TC_003_LoginDDT - **** Started TC_003_LoginDDT ****
13:27:38.453 [main] INFO  testCases.TC_003_LoginDDT - **** Started TC_003_LoginDDT ****
13:27:38.679 [main] INFO  testCases.TC_003_LoginDDT - Clicked on My Account
13:27:39.405 [main] INFO  testCases.TC_003_LoginDDT - Clicked on Login
13:27:39.409 [main] INFO  testCases.TC_003_LoginDDT - Providing Login Details
13:27:39.881 [main] INFO  testCases.TC_003_LoginDDT - Clicked on Login Button
13:27:40.732 [main] INFO  testCases.TC_003_LoginDDT - My Account Page Exists
13:27:40.732 [main] INFO  testCases.TC_003_LoginDDT - About to click LogOut
13:27:41.239 [main] INFO  testCases.TC_003_LoginDDT - Logout Button Clicked
13:27:41.246 [main] INFO  testCases.TC_003_LoginDDT - **** Finished TC_003_LoginDDT ****
13:27:41.286 [main] INFO  testCases.TC_003_LoginDDT - **** Started TC_003_LoginDDT ****
13:27:41.399 [main] INFO  testCases.TC_003_LoginDDT - Clicked on My Account
13:27:41.942 [main] INFO  testCases.TC_003_LoginDDT - Clicked on Login
13:27:41.946 [main] INFO  testCases.TC_003_LoginDDT - Providing Login Details
13:27:42.361 [main] INFO  testCases.TC_003_LoginDDT - Clicked on Login Button
13:27:52.450 [main] INFO  testCases.TC_003_LoginDDT - My Account Page Exists
13:27:52.450 [main] INFO  testCases.TC_003_LoginDDT - **** Finished TC_003_LoginDDT ****
13:27:52.453 [main] INFO  testCases.TC_003_LoginDDT - **** Started TC_003_LoginDDT ****
13:27:52.588 [main] INFO  testCases.TC_003_LoginDDT - Clicked on My Account
13:27:53.148 [main] INFO  testCases.TC_003_LoginDDT - Clicked on Login
13:27:53.150 [main] INFO  testCases.TC_003_LoginDDT - Providing Login Details
13:27:53.558 [main] INFO  testCases.TC_003_LoginDDT - Clicked on Login Button
13:28:03.581 [main] INFO  testCases.TC_003_LoginDDT - My Account Page Exists
13:28:03.596 [main] INFO  testCases.TC_003_LoginDDT - **** Finished TC_003_LoginDDT ****
13:28:03.596 [main] INFO  testCases.TC_003_LoginDDT - **** Started TC_003_LoginDDT ****
13:28:03.691 [main] INFO  testCases.TC_003_LoginDDT - Clicked on My Account
13:28:04.233 [main] INFO  testCases.TC_003_LoginDDT - Clicked on Login
13:28:04.242 [main] INFO  testCases.TC_003_LoginDDT - Providing Login Details
13:28:04.618 [main] INFO  testCases.TC_003_LoginDDT - Clicked on Login Button
13:28:14.680 [main] INFO  testCases.TC_003_LoginDDT - My Account Page Exists
13:28:14.680 [main] INFO  testCases.TC_003_LoginDDT - **** Finished TC_003_LoginDDT ****
13:28:14.680 [main] INFO  testCases.TC_003_LoginDDT - **** Started TC_003_LoginDDT ****
13:28:14.801 [main] INFO  testCases.TC_003_LoginDDT - Clicked on My Account
13:28:15.338 [main] INFO  testCases.TC_003_LoginDDT - Clicked on Login
13:28:15.338 [main] INFO  testCases.TC_003_LoginDDT - Providing Login Details
13:28:15.748 [main] INFO  testCases.TC_003_LoginDDT - Clicked on Login Button
13:28:16.419 [main] INFO  testCases.TC_003_LoginDDT - My Account Page Exists
13:28:16.419 [main] INFO  testCases.TC_003_LoginDDT - About to click LogOut
13:28:16.847 [main] INFO  testCases.TC_003_LoginDDT - Logout Button Clicked
13:28:16.847 [main] INFO  testCases.TC_003_LoginDDT - **** Finished TC_003_LoginDDT ****
14:01:26.438 [main] INFO  testCases.TC_003_LoginDDT - **** Started TC_003_LoginDDT ****
14:01:26.625 [main] INFO  testCases.TC_003_LoginDDT - Clicked on My Account
14:01:27.086 [main] INFO  testCases.TC_003_LoginDDT - Clicked on Login
14:01:27.089 [main] INFO  testCases.TC_003_LoginDDT - Providing Login Details
14:01:27.395 [main] INFO  testCases.TC_003_LoginDDT - Clicked on Login Button
14:01:27.910 [main] INFO  testCases.TC_003_LoginDDT - My Account Page Exists
14:01:27.910 [main] INFO  testCases.TC_003_LoginDDT - About to click LogOut
14:01:28.258 [main] INFO  testCases.TC_003_LoginDDT - Logout Button Clicked
14:01:28.262 [main] INFO  testCases.TC_003_LoginDDT - **** Finished TC_003_LoginDDT ****
14:01:28.306 [main] INFO  testCases.TC_003_LoginDDT - **** Started TC_003_LoginDDT ****
14:01:28.401 [main] INFO  testCases.TC_003_LoginDDT - Clicked on My Account
14:01:28.735 [main] INFO  testCases.TC_003_LoginDDT - Clicked on Login
14:01:28.736 [main] INFO  testCases.TC_003_LoginDDT - Providing Login Details
14:01:29.007 [main] INFO  testCases.TC_003_LoginDDT - Clicked on Login Button
14:01:39.081 [main] INFO  testCases.TC_003_LoginDDT - My Account Page Exists
14:01:39.081 [main] INFO  testCases.TC_003_LoginDDT - **** Finished TC_003_LoginDDT ****
14:01:39.088 [main] INFO  testCases.TC_003_LoginDDT - **** Started TC_003_LoginDDT ****
14:01:39.171 [main] INFO  testCases.TC_003_LoginDDT - Clicked on My Account
14:01:39.637 [main] INFO  testCases.TC_003_LoginDDT - Clicked on Login
14:01:39.638 [main] INFO  testCases.TC_003_LoginDDT - Providing Login Details
14:01:40.044 [main] INFO  testCases.TC_003_LoginDDT - Clicked on Login Button
14:01:50.075 [main] INFO  testCases.TC_003_LoginDDT - My Account Page Exists
14:01:50.076 [main] INFO  testCases.TC_003_LoginDDT - **** Finished TC_003_LoginDDT ****
14:01:50.083 [main] INFO  testCases.TC_003_LoginDDT - **** Started TC_003_LoginDDT ****
14:01:50.159 [main] INFO  testCases.TC_003_LoginDDT - Clicked on My Account
14:01:50.520 [main] INFO  testCases.TC_003_LoginDDT - Clicked on Login
14:01:50.521 [main] INFO  testCases.TC_003_LoginDDT - Providing Login Details
14:01:50.809 [main] INFO  testCases.TC_003_LoginDDT - Clicked on Login Button
14:02:00.868 [main] INFO  testCases.TC_003_LoginDDT - My Account Page Exists
14:02:00.868 [main] INFO  testCases.TC_003_LoginDDT - **** Finished TC_003_LoginDDT ****
14:02:00.874 [main] INFO  testCases.TC_003_LoginDDT - **** Started TC_003_LoginDDT ****
14:02:00.964 [main] INFO  testCases.TC_003_LoginDDT - Clicked on My Account
14:02:01.305 [main] INFO  testCases.TC_003_LoginDDT - Clicked on Login
14:02:01.307 [main] INFO  testCases.TC_003_LoginDDT - Providing Login Details
14:02:01.641 [main] INFO  testCases.TC_003_LoginDDT - Clicked on Login Button
14:02:02.116 [main] INFO  testCases.TC_003_LoginDDT - My Account Page Exists
14:02:02.116 [main] INFO  testCases.TC_003_LoginDDT - About to click LogOut
14:02:02.517 [main] INFO  testCases.TC_003_LoginDDT - Logout Button Clicked
14:02:02.517 [main] INFO  testCases.TC_003_LoginDDT - **** Finished TC_003_LoginDDT ****
14:18:47.654 [main] INFO  testCases.TC_001_AccountRegistrationTest - *** Starting TC_001_AccountRegistrationTest ***
14:18:47.851 [main] INFO  testCases.TC_001_AccountRegistrationTest - Clicked on My Account Link
14:18:49.112 [main] INFO  testCases.TC_001_AccountRegistrationTest - Clicked on Register Link
14:18:49.118 [main] INFO  testCases.TC_001_AccountRegistrationTest - Providing Customer Data
14:19:00.823 [main] ERROR testCases.TC_001_AccountRegistrationTest - Test Failed
14:19:04.858 [main] INFO  testCases.TC_002_LoginTest - ****Starting TC_002_LoginTest****
14:19:05.116 [main] INFO  testCases.TC_002_LoginTest - Clicked on My Account
14:19:05.865 [main] INFO  testCases.TC_002_LoginTest - Clicked on Login
14:19:05.879 [main] INFO  testCases.TC_002_LoginTest - Providing Login Details
14:19:06.435 [main] INFO  testCases.TC_002_LoginTest - Clicked on Login Button
14:19:07.138 [main] INFO  testCases.TC_002_LoginTest - ****Finished TC_002_LoginTest****
14:24:15.148 [main] INFO  testCases.TC_001_AccountRegistrationTest - *** Starting TC_001_AccountRegistrationTest ***
14:24:15.369 [main] INFO  testCases.TC_001_AccountRegistrationTest - Clicked on My Account Link
14:24:16.094 [main] INFO  testCases.TC_001_AccountRegistrationTest - Clicked on Register Link
14:24:16.098 [main] INFO  testCases.TC_001_AccountRegistrationTest - Providing Customer Data
14:24:26.965 [main] INFO  testCases.TC_001_AccountRegistrationTest - Clicked on Continue
14:24:27.681 [main] INFO  testCases.TC_001_AccountRegistrationTest - Validating Expected Message
14:24:27.689 [main] INFO  testCases.TC_001_AccountRegistrationTest - *** Finished TC_001_AccountRegistrationTest ***
17:54:39.926 [main] INFO  testCases.TC_001_AccountRegistrationTest - *** Starting TC_001_AccountRegistrationTest ***
17:54:40.268 [main] INFO  testCases.TC_001_AccountRegistrationTest - Clicked on My Account Link
17:54:41.335 [main] INFO  testCases.TC_001_AccountRegistrationTest - Clicked on Register Link
17:54:41.352 [main] INFO  testCases.TC_001_AccountRegistrationTest - Providing Customer Data
17:54:52.539 [main] INFO  testCases.TC_001_AccountRegistrationTest - Clicked on Continue
17:54:53.848 [main] INFO  testCases.TC_001_AccountRegistrationTest - Validating Expected Message
17:54:53.854 [main] INFO  testCases.TC_001_AccountRegistrationTest - *** Finished TC_001_AccountRegistrationTest ***
17:54:59.210 [main] INFO  testCases.TC_002_LoginTest - ****Starting TC_002_LoginTest****
17:54:59.451 [main] INFO  testCases.TC_002_LoginTest - Clicked on My Account
17:55:00.401 [main] INFO  testCases.TC_002_LoginTest - Clicked on Login
17:55:00.408 [main] INFO  testCases.TC_002_LoginTest - Providing Login Details
17:55:01.409 [main] INFO  testCases.TC_002_LoginTest - Clicked on Login Button
17:55:02.452 [main] INFO  testCases.TC_002_LoginTest - ****Finished TC_002_LoginTest****
17:55:28.514 [main] INFO  testCases.TC_002_LoginTest - ****Starting TC_002_LoginTest****
17:55:28.818 [main] INFO  testCases.TC_002_LoginTest - Clicked on My Account
17:55:29.794 [main] INFO  testCases.TC_002_LoginTest - Clicked on Login
17:55:29.799 [main] INFO  testCases.TC_002_LoginTest - Providing Login Details
17:55:30.415 [main] INFO  testCases.TC_002_LoginTest - Clicked on Login Button
17:55:31.428 [main] INFO  testCases.TC_002_LoginTest - ****Finished TC_002_LoginTest****
17:56:29.816 [main] INFO  testCases.TC_002_LoginTest - ****Starting TC_002_LoginTest****
17:56:30.447 [main] INFO  testCases.TC_002_LoginTest - Clicked on My Account
17:56:31.775 [main] INFO  testCases.TC_002_LoginTest - Clicked on Login
17:56:31.775 [main] INFO  testCases.TC_002_LoginTest - Providing Login Details
17:56:33.034 [main] INFO  testCases.TC_002_LoginTest - Clicked on Login Button
17:56:34.660 [main] INFO  testCases.TC_002_LoginTest - ****Finished TC_002_LoginTest****
18:50:29.652 [main] INFO  testCases.TC_002_LoginTest - ****Starting TC_002_LoginTest****
18:50:29.900 [main] INFO  testCases.TC_002_LoginTest - Clicked on My Account
18:50:30.557 [main] INFO  testCases.TC_002_LoginTest - Clicked on Login
18:50:30.562 [main] INFO  testCases.TC_002_LoginTest - Providing Login Details
18:50:30.969 [main] INFO  testCases.TC_002_LoginTest - Clicked on Login Button
18:50:31.572 [main] INFO  testCases.TC_002_LoginTest - ****Finished TC_002_LoginTest****
18:51:35.276 [main] INFO  testCases.TC_001_AccountRegistrationTest - *** Starting TC_001_AccountRegistrationTest ***
18:51:35.449 [main] INFO  testCases.TC_001_AccountRegistrationTest - Clicked on My Account Link
18:51:35.897 [main] INFO  testCases.TC_001_AccountRegistrationTest - Clicked on Register Link
18:51:35.903 [main] INFO  testCases.TC_001_AccountRegistrationTest - Providing Customer Data
18:51:47.450 [main] ERROR testCases.TC_001_AccountRegistrationTest - Test Failed
18:51:50.102 [main] INFO  testCases.TC_002_LoginTest - ****Starting TC_002_LoginTest****
18:51:50.217 [main] INFO  testCases.TC_002_LoginTest - Clicked on My Account
18:51:50.759 [main] INFO  testCases.TC_002_LoginTest - Clicked on Login
18:51:50.763 [main] INFO  testCases.TC_002_LoginTest - Providing Login Details
18:51:51.074 [main] INFO  testCases.TC_002_LoginTest - Clicked on Login Button
18:51:51.627 [main] INFO  testCases.TC_002_LoginTest - ****Finished TC_002_LoginTest****
18:52:15.717 [main] INFO  testCases.TC_001_AccountRegistrationTest - *** Starting TC_001_AccountRegistrationTest ***
18:52:15.912 [main] INFO  testCases.TC_001_AccountRegistrationTest - Clicked on My Account Link
18:52:16.371 [main] INFO  testCases.TC_001_AccountRegistrationTest - Clicked on Register Link
18:52:16.376 [main] INFO  testCases.TC_001_AccountRegistrationTest - Providing Customer Data
18:52:27.007 [main] INFO  testCases.TC_001_AccountRegistrationTest - Clicked on Continue
18:52:27.473 [main] INFO  testCases.TC_001_AccountRegistrationTest - Validating Expected Message
18:52:27.476 [main] INFO  testCases.TC_001_AccountRegistrationTest - *** Finished TC_001_AccountRegistrationTest ***
18:52:29.869 [main] INFO  testCases.TC_002_LoginTest - ****Starting TC_002_LoginTest****
18:52:30.015 [main] INFO  testCases.TC_002_LoginTest - Clicked on My Account
18:52:30.479 [main] INFO  testCases.TC_002_LoginTest - Clicked on Login
18:52:30.482 [main] INFO  testCases.TC_002_LoginTest - Providing Login Details
18:52:30.774 [main] INFO  testCases.TC_002_LoginTest - Clicked on Login Button
18:52:31.317 [main] INFO  testCases.TC_002_LoginTest - ****Finished TC_002_LoginTest****
18:58:34.851 [main] INFO  testCases.TC_001_AccountRegistrationTest - *** Starting TC_001_AccountRegistrationTest ***
18:58:35.160 [main] INFO  testCases.TC_001_AccountRegistrationTest - Clicked on My Account Link
18:58:35.861 [main] INFO  testCases.TC_001_AccountRegistrationTest - Clicked on Register Link
18:58:35.871 [main] INFO  testCases.TC_001_AccountRegistrationTest - Providing Customer Data
18:58:46.658 [main] INFO  testCases.TC_001_AccountRegistrationTest - Clicked on Continue
18:58:47.415 [main] INFO  testCases.TC_001_AccountRegistrationTest - Validating Expected Message
18:58:47.421 [main] INFO  testCases.TC_001_AccountRegistrationTest - *** Finished TC_001_AccountRegistrationTest ***
18:58:50.778 [main] INFO  testCases.TC_002_LoginTest - ****Starting TC_002_LoginTest****
18:58:50.969 [main] INFO  testCases.TC_002_LoginTest - Clicked on My Account
18:58:51.611 [main] INFO  testCases.TC_002_LoginTest - Clicked on Login
18:58:51.616 [main] INFO  testCases.TC_002_LoginTest - Providing Login Details
18:58:52.049 [main] INFO  testCases.TC_002_LoginTest - Clicked on Login Button
18:58:52.775 [main] INFO  testCases.TC_002_LoginTest - ****Finished TC_002_LoginTest****
